-------------------------------------------------------------------------------
Test set: juniter.BlockchainControllerTest
-------------------------------------------------------------------------------
Tests run: 1, Failures: 1, Errors: 0, Skipped: 0, Time elapsed: 2.702 s <<< FAILURE! - in juniter.BlockchainControllerTest
getHello(juniter.BlockchainControllerTest)  Time elapsed: 0.083 s  <<< FAILURE!
java.lang.AssertionError: Status expected:<200> but was:<404>
	at juniter.BlockchainControllerTest.getHello(BlockchainControllerTest.java:32)

